2026-02-09 09:25:55 [CALC] IndiceSollevamento: 20
2026-02-09 09:26:20 [CALC] eta: 21
2026-02-09 09:26:20 [CALC] FattoreEta: 30
2026-02-09 09:26:20 [CALC] FattoreAltezza: 0
2026-02-09 09:26:20 [CALC] FattoreDisclocazioneV: 0
2026-02-09 09:26:20 [CALC] FattoreDisclocazioneO: 0
2026-02-09 09:26:20 [CALC] FattoreDislocazioneAngolare: 1
2026-02-09 09:26:20 [CALC] FattoreGiudizioPresa: 1
2026-02-09 09:26:20 [CALC] FrequenzaGesti: 0.88
2026-02-09 09:26:20 [CALC] Denominatore: 0
2026-02-09 09:26:20 [CALC] IndiceSollevamento: 20
2026-02-09 09:26:53 [CALC] IndiceSollevamento: 20
2026-02-09 09:27:49 [CALC] IndiceSollevamento: 20
2026-02-09 09:28:03 [CALC] eta: 20
2026-02-09 09:28:03 [CALC] FattoreEta: 20
2026-02-09 09:28:03 [CALC] FattoreAltezza: 0
2026-02-09 09:28:03 [CALC] FattoreDisclocazioneV: 0
2026-02-09 09:28:03 [CALC] FattoreDisclocazioneO: 0
2026-02-09 09:28:03 [CALC] FattoreDislocazioneAngolare: 1
2026-02-09 09:28:03 [CALC] FattoreGiudizioPresa: 1
2026-02-09 09:28:03 [CALC] FrequenzaGesti: 0.94
2026-02-09 09:28:03 [CALC] Denominatore: 0
2026-02-09 09:28:03 [CALC] IndiceSollevamento: 20
2026-02-09 09:33:12 [CALC] IndiceSollevamento: 20
2026-02-09 09:33:29 [CALC] eta: 20
2026-02-09 09:33:29 [CALC] FattoreEta: 30
2026-02-09 09:33:29 [CALC] FattoreAltezza: 0.78
2026-02-09 09:33:29 [CALC] FattoreDisclocazioneV: 1
2026-02-09 09:33:29 [CALC] FattoreDisclocazioneO: 1
2026-02-09 09:33:29 [CALC] FattoreDislocazioneAngolare: 1
2026-02-09 09:33:29 [CALC] FattoreGiudizioPresa: 1
2026-02-09 09:33:29 [CALC] FrequenzaGesti: 0.94
2026-02-09 09:33:29 [CALC] Denominatore: 21.996000000000002
2026-02-09 09:33:29 [CALC] IndiceSollevamento: 0.9092562284051645
2026-02-09 09:33:29 [CALC] IndiceSollevamento: 20
